<?xml version="1.0" encoding="UTF-8"?>
<!-- Generated by org.testng.reporters.JUnitReportReporter -->
<testsuite hostname="DESKTOP-4EMCSFE" failures="0" tests="1" name="SeleniumHackathon.SwitchTabsWindowsInSelenium" time="0.012" errors="0" timestamp="10 Apr 2023 03:36:56 GMT" skipped="0">
  <testcase classname="SeleniumHackathon.SwitchTabsWindowsInSelenium" name="switchingTheTabs" time="0.012"/>
</testsuite> <!-- SeleniumHackathon.SwitchTabsWindowsInSelenium -->
