<?xml version="1.0" encoding="UTF-8"?>
<!-- Generated by org.testng.reporters.JUnitReportReporter -->
<testsuite hostname="DESKTOP-4EMCSFE" failures="0" tests="1" name="Test.AmazonKindleSearchTest" time="18.781" errors="0" timestamp="11 Apr 2023 05:38:10 GMT" skipped="0">
  <testcase classname="Test.AmazonKindleSearchTest" name="addToAmazonCart" time="18.781"/>
</testsuite> <!-- Test.AmazonKindleSearchTest -->
